<?xml version="1.0" encoding="UTF-8"?>
<!-- Generated by org.testng.reporters.JUnitReportReporter -->
<testsuite skipped="0" hostname="dell" name="com.leaftaps.leads.testcases.TC005_DeleteLead" tests="2" failures="0" timestamp="06 Aug 2019 06:32:32 GMT" time="92.746" errors="0">
  <testcase name="runDeleteLead" time="35.071" classname="com.leaftaps.leads.testcases.TC005_DeleteLead"/>
  <testcase name="runDeleteLead" time="57.675" classname="com.leaftaps.leads.testcases.TC005_DeleteLead"/>
</testsuite> <!-- com.leaftaps.leads.testcases.TC005_DeleteLead -->
