<?xml version="1.0" encoding="UTF-8"?>
<!-- Generated by org.testng.reporters.JUnitReportReporter -->
<testsuite skipped="0" hostname="dell" name="com.leaftaps.leads.testcases.TC003_EditLead" tests="2" failures="0" timestamp="06 Aug 2019 06:34:28 GMT" time="70.762" errors="0">
  <testcase name="runEditlead" time="36.921" classname="com.leaftaps.leads.testcases.TC003_EditLead"/>
  <testcase name="runEditlead" time="33.841" classname="com.leaftaps.leads.testcases.TC003_EditLead"/>
</testsuite> <!-- com.leaftaps.leads.testcases.TC003_EditLead -->
