<?xml version="1.0" encoding="UTF-8"?>
<!-- Generated by org.testng.reporters.JUnitReportReporter -->
<testsuite skipped="0" hostname="dell" name="com.leaftaps.leads.testcases.TC004_DuplicateLead" tests="1" failures="0" timestamp="06 Aug 2019 05:24:45 GMT" time="35.246" errors="0">
  <testcase name="runDuplicatelead" time="35.246" classname="com.leaftaps.leads.testcases.TC004_DuplicateLead"/>
</testsuite> <!-- com.leaftaps.leads.testcases.TC004_DuplicateLead -->
