<?xml version="1.0" encoding="UTF-8"?>
<!-- Generated by org.testng.reporters.JUnitReportReporter -->
<testsuite skipped="0" hostname="DESKTOP-13RKBDN" name="com.leaftaps.leads.testcases.TC001_Login" tests="2" failures="0" timestamp="04 Aug 2019 05:43:03 GMT" time="15.252" errors="0">
  <testcase name="runLogin" time="8.042" classname="com.leaftaps.leads.testcases.TC001_Login"/>
  <testcase name="runLogin" time="7.210" classname="com.leaftaps.leads.testcases.TC001_Login"/>
</testsuite> <!-- com.leaftaps.leads.testcases.TC001_Login -->
